0 info it worked if it ends with ok
1 verbose cli [ '/usr/local/Cellar/node/5.3.0/bin/node',
1 verbose cli   '/Users/ganders/.node/bin/npm',
1 verbose cli   'start' ]
2 info using npm@3.5.0
3 info using node@v5.3.0
4 verbose run-script [ 'prestart', 'start', 'poststart' ]
5 info lifecycle slackbots@~prestart: slackbots@
6 silly lifecycle slackbots@~prestart: no script for prestart, continuing
7 info lifecycle slackbots@~start: slackbots@
8 verbose lifecycle slackbots@~start: unsafe-perm in lifecycle true
9 verbose lifecycle slackbots@~start: PATH: /Users/ganders/.node/lib/node_modules/npm/bin/node-gyp-bin:/Users/ganders/Development/slackbots/node_modules/.bin:/Users/ganders/.rbenv/shims:/usr/local/bin:/usr/local/sbin:/Users/ganders/.node/bin:/usr/local/opt/coreutils/libexec/gnubin:/usr/bin:/bin:/usr/sbin:/sbin:/opt/X11/bin
10 verbose lifecycle slackbots@~start: CWD: /Users/ganders/Development/slackbots
11 silly lifecycle slackbots@~start: Args: [ '-c', 'node index.js' ]
12 silly lifecycle slackbots@~start: Returned: code: 1  signal: null
13 info lifecycle slackbots@~start: Failed to exec start script
14 verbose stack Error: slackbots@ start: `node index.js`
14 verbose stack Exit status 1
14 verbose stack     at EventEmitter.<anonymous> (/Users/ganders/.node/lib/node_modules/npm/lib/utils/lifecycle.js:232:16)
14 verbose stack     at emitTwo (events.js:87:13)
14 verbose stack     at EventEmitter.emit (events.js:172:7)
14 verbose stack     at ChildProcess.<anonymous> (/Users/ganders/.node/lib/node_modules/npm/lib/utils/spawn.js:24:14)
14 verbose stack     at emitTwo (events.js:87:13)
14 verbose stack     at ChildProcess.emit (events.js:172:7)
14 verbose stack     at maybeClose (internal/child_process.js:818:16)
14 verbose stack     at Process.ChildProcess._handle.onexit (internal/child_process.js:211:5)
15 verbose pkgid slackbots@
16 verbose cwd /Users/ganders/Development/slackbots
17 error Darwin 15.2.0
18 error argv "/usr/local/Cellar/node/5.3.0/bin/node" "/Users/ganders/.node/bin/npm" "start"
19 error node v5.3.0
20 error npm  v3.5.0
21 error code ELIFECYCLE
22 error slackbots@ start: `node index.js`
22 error Exit status 1
23 error Failed at the slackbots@ start script 'node index.js'.
23 error Make sure you have the latest version of node.js and npm installed.
23 error If you do, this is most likely a problem with the slackbots package,
23 error not with npm itself.
23 error Tell the author that this fails on your system:
23 error     node index.js
23 error You can get their info via:
23 error     npm owner ls slackbots
23 error There is likely additional logging output above.
24 verbose exit [ 1, true ]
